<?xml version="1.0" encoding="UTF-8"?>
<testng-results ignored="0" total="4" passed="4" failed="0" skipped="0">
  <reporter-output>
  </reporter-output>
  <suite started-at="2024-01-18T17:32:08 IST" name="Default suite" finished-at="2024-01-18T17:34:15 IST" duration-ms="126454">
    <groups>
      <group name="cucumber">
        <method signature="AbstractTestNGCucumberTests.runScenario(io.cucumber.testng.PickleWrapper,io.cucumber.testng.FeatureWrapper)[pri:0, instance:com.runners.EntrataRunner@38467116]" name="runScenario" class="io.cucumber.testng.AbstractTestNGCucumberTests"/>
      </group> <!-- cucumber -->
    </groups>
    <test started-at="2024-01-18T17:32:08 IST" name="Default test" finished-at="2024-01-18T17:34:15 IST" duration-ms="126454">
      <class name="com.runners.EntrataRunner">
        <test-method is-config="true" signature="setUpClass(org.testng.ITestContext)[pri:0, instance:com.runners.EntrataRunner@38467116]" started-at="2024-01-18T17:32:08 IST" name="setUpClass" finished-at="2024-01-18T17:32:09 IST" duration-ms="1053" status="PASS">
          <params>
            <param index="0">
              <value>
                <![CDATA[org.testng.TestRunner@6fd9dbe6]]>
              </value>
            </param>
          </params>
          <reporter-output>
          </reporter-output>
        </test-method> <!-- setUpClass -->
        <test-method signature="runScenario(io.cucumber.testng.PickleWrapper,io.cucumber.testng.FeatureWrapper)[pri:0, instance:com.runners.EntrataRunner@38467116]" started-at="2024-01-18T17:32:09 IST" name="runScenario" description="Runs Cucumber Scenarios" data-provider="scenarios" finished-at="2024-01-18T17:32:32 IST" duration-ms="22338" status="PASS">
          <params>
            <param index="0">
              <value>
                <![CDATA["Verify Home Page Title"]]>
              </value>
            </param>
            <param index="1">
              <value>
                <![CDATA["Testing Entrata Website Functionality"]]>
              </value>
            </param>
          </params>
          <reporter-output>
          </reporter-output>
        </test-method> <!-- runScenario -->
        <test-method signature="runScenario(io.cucumber.testng.PickleWrapper,io.cucumber.testng.FeatureWrapper)[pri:0, instance:com.runners.EntrataRunner@38467116]" started-at="2024-01-18T17:32:32 IST" name="runScenario" description="Runs Cucumber Scenarios" data-provider="scenarios" finished-at="2024-01-18T17:33:02 IST" duration-ms="30044" status="PASS">
          <params>
            <param index="0">
              <value>
                <![CDATA["Check the functionality of Entrata"]]>
              </value>
            </param>
            <param index="1">
              <value>
                <![CDATA["Testing Entrata Website Functionality"]]>
              </value>
            </param>
          </params>
          <reporter-output>
          </reporter-output>
        </test-method> <!-- runScenario -->
        <test-method signature="runScenario(io.cucumber.testng.PickleWrapper,io.cucumber.testng.FeatureWrapper)[pri:0, instance:com.runners.EntrataRunner@38467116]" started-at="2024-01-18T17:33:02 IST" name="runScenario" description="Runs Cucumber Scenarios" data-provider="scenarios" finished-at="2024-01-18T17:33:41 IST" duration-ms="39404" status="PASS">
          <params>
            <param index="0">
              <value>
                <![CDATA["Check the functinality of Learn More"]]>
              </value>
            </param>
            <param index="1">
              <value>
                <![CDATA["Testing Entrata Website Functionality"]]>
              </value>
            </param>
          </params>
          <reporter-output>
          </reporter-output>
        </test-method> <!-- runScenario -->
        <test-method signature="runScenario(io.cucumber.testng.PickleWrapper,io.cucumber.testng.FeatureWrapper)[pri:0, instance:com.runners.EntrataRunner@38467116]" started-at="2024-01-18T17:33:41 IST" name="runScenario" description="Runs Cucumber Scenarios" data-provider="scenarios" finished-at="2024-01-18T17:34:14 IST" duration-ms="32928" status="PASS">
          <params>
            <param index="0">
              <value>
                <![CDATA["Check the functinality of Learn More"]]>
              </value>
            </param>
            <param index="1">
              <value>
                <![CDATA["Testing Entrata Website Functionality"]]>
              </value>
            </param>
          </params>
          <reporter-output>
          </reporter-output>
        </test-method> <!-- runScenario -->
        <test-method is-config="true" signature="tearDownClass()[pri:0, instance:com.runners.EntrataRunner@38467116]" started-at="2024-01-18T17:34:14 IST" name="tearDownClass" finished-at="2024-01-18T17:34:15 IST" duration-ms="630" status="PASS">
          <reporter-output>
          </reporter-output>
        </test-method> <!-- tearDownClass -->
      </class> <!-- com.runners.EntrataRunner -->
    </test> <!-- Default test -->
  </suite> <!-- Default suite -->
</testng-results>
